72,73c72,73
< pc:000010a4::fef91ae3
< 11pc:000010a8::02c12083
---
> 11pc:000010a4::fef91ae3
> pc:000010a8::02c12083
87d86
< pc:000011e4::c0f40413
89a89
> pc:000011e4::c0f40413
601,602c601,602
< pc:000010a4::fef91ae3
< 11pc:00001098::fff7c703
---
> 11pc:000010a4::fef91ae3
> pc:00001098::fff7c703
605,606c605,606
< pc:000010a4::fef91ae3
< 00pc:00001098::fff7c703
---
> 00pc:000010a4::fef91ae3
> pc:00001098::fff7c703
609,610c609,610
< pc:000010a4::fef91ae3
< 22pc:00001098::fff7c703
---
> 22pc:000010a4::fef91ae3
> pc:00001098::fff7c703
613,614c613,614
< pc:000010a4::fef91ae3
< 99pc:000010a8::02c12083
---
> 99pc:000010a4::fef91ae3
> pc:000010a8::02c12083
627d626
< pc:0000121c::60300413
629a629
> pc:0000121c::60300413
1012,1013c1012,1013
< pc:000010a4::fef91ae3
< 11pc:00001098::fff7c703
---
> 11pc:000010a4::fef91ae3
> pc:00001098::fff7c703
1016,1017c1016,1017
< pc:000010a4::fef91ae3
< 77pc:00001098::fff7c703
---
> 77pc:000010a4::fef91ae3
> pc:00001098::fff7c703
1020,1021c1020,1021
< pc:000010a4::fef91ae3
< 11pc:000010a8::02c12083
---
> 11pc:000010a4::fef91ae3
> pc:000010a8::02c12083
1033,1034d1032
< pc:00001250::00c12083
< 
1035a1034
> pc:00001250::00c12083
1042,1043c1041
< pc:00000010::00a68223
< pc:00000014::ff9ff06f
\ No newline at end of file
---
> pc:00000010::00a68223
\ No newline at end of file
